Done.
[ RCRS ADF Version 2.3.0 (build 20180514T081132Z) ]

[START ] Connect to server (host:localhost, port:7000)
[FINISH] Connect PoliceOffice (success:0)
[FINISH] Connect FireStation (success:0)
[FINISH] Connect AmbulanceCentre (success:0)
[INFO  ] Connected - adf.agent.platoon.PlatoonAmbulance@285c24dc (NON_PRECOMPUTE)
[INFO  ] Connected - adf.agent.platoon.PlatoonPolice@441c5ab2 (NON_PRECOMPUTE)
[INFO  ] Connected - adf.agent.platoon.PlatoonFire@aa250c5 (NON_PRECOMPUTE)
[SampleKMeans] Cluster : 10
[SampleKMeans] Cluster : 10
[SampleKMeans] Cluster : 10
[FINISH] Connect PoliceForce (success:1)
[FINISH] Connect FireBrigade (success:1)
[FINISH] Connect AmbulanceTeam (success:1)
[FINISH] Done connecting to server (3 agents)
279
road now
[274, 266, 971]

279
road now
[274, 266, 971]

279
road now
[274, 266, 971]

971
road now
[970, 279, 899]

969
road now
[902, 273, 349, 968]

273
road now
[281, 314, 330, 969, 902, 903, 904]

273
road now
[281, 314, 330, 969, 902, 903, 904]

296
road now
[297, 281]

273
road now
[281, 314, 330, 969, 902, 903, 904]

247

314
road now
[249, 273]

273
road now
[281, 314, 330, 969, 902, 903, 904]

273
road now
[281, 314, 330, 969, 902, 903, 904]

273
road now
[281, 314, 330, 969, 902, 903, 904]

273
road now
[281, 314, 330, 969, 902, 903, 904]

273
road now
[281, 314, 330, 969, 902, 903, 904]

273
road now
[281, 314, 330, 969, 902, 903, 904]

273
road now
[281, 314, 330, 969, 902, 903, 904]

273
road now
[281, 314, 330, 969, 902, 903, 904]

273
road now
[281, 314, 330, 969, 902, 903, 904]

273
road now
[281, 314, 330, 969, 902, 903, 904]

273
road now
[281, 314, 330, 969, 902, 903, 904]

273
road now
[281, 314, 330, 969, 902, 903, 904]

273
road now
[281, 314, 330, 969, 902, 903, 904]

273
road now
[281, 314, 330, 969, 902, 903, 904]

273
road now
[281, 314, 330, 969, 902, 903, 904]

273
road now
[281, 314, 330, 969, 902, 903, 904]

273
road now
[281, 314, 330, 969, 902, 903, 904]

273
road now
[281, 314, 330, 969, 902, 903, 904]

273
road now
[281, 314, 330, 969, 902, 903, 904]

273
road now
[281, 314, 330, 969, 902, 903, 904]

273
road now
[281, 314, 330, 969, 902, 903, 904]

273
road now
[281, 314, 330, 969, 902, 903, 904]

273
road now
[281, 314, 330, 969, 902, 903, 904]

273
road now
[281, 314, 330, 969, 902, 903, 904]

273
road now
[281, 314, 330, 969, 902, 903, 904]

273
road now
[281, 314, 330, 969, 902, 903, 904]

273
road now
[281, 314, 330, 969, 902, 903, 904]

273
road now
[281, 314, 330, 969, 902, 903, 904]

273
road now
[281, 314, 330, 969, 902, 903, 904]

273
road now
[281, 314, 330, 969, 902, 903, 904]

273
road now
[281, 314, 330, 969, 902, 903, 904]

273
road now
[281, 314, 330, 969, 902, 903, 904]

273
road now
[281, 314, 330, 969, 902, 903, 904]

273
road now
[281, 314, 330, 969, 902, 903, 904]

273
road now
[281, 314, 330, 969, 902, 903, 904]

273
road now
[281, 314, 330, 969, 902, 903, 904]

273
road now
[281, 314, 330, 969, 902, 903, 904]

273
road now
[281, 314, 330, 969, 902, 903, 904]

273
road now
[281, 314, 330, 969, 902, 903, 904]

273
road now
[281, 314, 330, 969, 902, 903, 904]

273
road now
[281, 314, 330, 969, 902, 903, 904]

273
road now
[281, 314, 330, 969, 902, 903, 904]

273
road now
[281, 314, 330, 969, 902, 903, 904]

273
road now
[281, 314, 330, 969, 902, 903, 904]

273
road now
[281, 314, 330, 969, 902, 903, 904]

273
road now
[281, 314, 330, 969, 902, 903, 904]

273
road now
[281, 314, 330, 969, 902, 903, 904]

273
road now
[281, 314, 330, 969, 902, 903, 904]

273
road now
[281, 314, 330, 969, 902, 903, 904]

273
road now
[281, 314, 330, 969, 902, 903, 904]

273
road now
[281, 314, 330, 969, 902, 903, 904]

273
road now
[281, 314, 330, 969, 902, 903, 904]

273
road now
[281, 314, 330, 969, 902, 903, 904]

273
road now
[281, 314, 330, 969, 902, 903, 904]

273
road now
[281, 314, 330, 969, 902, 903, 904]

273
road now
[281, 314, 330, 969, 902, 903, 904]

273
road now
[281, 314, 330, 969, 902, 903, 904]

273
road now
[281, 314, 330, 969, 902, 903, 904]

273
road now
[281, 314, 330, 969, 902, 903, 904]

273
road now
[281, 314, 330, 969, 902, 903, 904]

273
road now
[281, 314, 330, 969, 902, 903, 904]

273
road now
[281, 314, 330, 969, 902, 903, 904]

273
road now
[281, 314, 330, 969, 902, 903, 904]

273
road now
[281, 314, 330, 969, 902, 903, 904]

273
road now
[281, 314, 330, 969, 902, 903, 904]

273
road now
[281, 314, 330, 969, 902, 903, 904]

273
road now
[281, 314, 330, 969, 902, 903, 904]

273
road now
[281, 314, 330, 969, 902, 903, 904]

273
road now
[281, 314, 330, 969, 902, 903, 904]

273
road now
[281, 314, 330, 969, 902, 903, 904]

273
road now
[281, 314, 330, 969, 902, 903, 904]

273
road now
[281, 314, 330, 969, 902, 903, 904]

273
road now
[281, 314, 330, 969, 902, 903, 904]

273
road now
[281, 314, 330, 969, 902, 903, 904]

273
road now
[281, 314, 330, 969, 902, 903, 904]

273
road now
[281, 314, 330, 969, 902, 903, 904]

273
road now
[281, 314, 330, 969, 902, 903, 904]

273
road now
[281, 314, 330, 969, 902, 903, 904]

273
road now
[281, 314, 330, 969, 902, 903, 904]

273
road now
[281, 314, 330, 969, 902, 903, 904]

273
road now
[281, 314, 330, 969, 902, 903, 904]

273
road now
[281, 314, 330, 969, 902, 903, 904]

273
road now
[281, 314, 330, 969, 902, 903, 904]

273
road now
[281, 314, 330, 969, 902, 903, 904]

273
road now
[281, 314, 330, 969, 902, 903, 904]

273
road now
[281, 314, 330, 969, 902, 903, 904]

273
road now
[281, 314, 330, 969, 902, 903, 904]

273
road now
[281, 314, 330, 969, 902, 903, 904]

273
road now
[281, 314, 330, 969, 902, 903, 904]

273
road now
[281, 314, 330, 969, 902, 903, 904]

273
road now
[281, 314, 330, 969, 902, 903, 904]

273
road now
[281, 314, 330, 969, 902, 903, 904]

273
road now
[281, 314, 330, 969, 902, 903, 904]

273
road now
[281, 314, 330, 969, 902, 903, 904]

273
road now
[281, 314, 330, 969, 902, 903, 904]

273
road now
[281, 314, 330, 969, 902, 903, 904]

273
road now
[281, 314, 330, 969, 902, 903, 904]

273
road now
[281, 314, 330, 969, 902, 903, 904]

273
road now
[281, 314, 330, 969, 902, 903, 904]

273
road now
[281, 314, 330, 969, 902, 903, 904]

273
road now
[281, 314, 330, 969, 902, 903, 904]

273
road now
[281, 314, 330, 969, 902, 903, 904]

273
road now
[281, 314, 330, 969, 902, 903, 904]

273
road now
[281, 314, 330, 969, 902, 903, 904]

273
road now
[281, 314, 330, 969, 902, 903, 904]

273
road now
[281, 314, 330, 969, 902, 903, 904]

273
road now
[281, 314, 330, 969, 902, 903, 904]

273
road now
[281, 314, 330, 969, 902, 903, 904]

273
road now
[281, 314, 330, 969, 902, 903, 904]

273
road now
[281, 314, 330, 969, 902, 903, 904]

273
road now
[281, 314, 330, 969, 902, 903, 904]

273
road now
[281, 314, 330, 969, 902, 903, 904]

273
road now
[281, 314, 330, 969, 902, 903, 904]

273
road now
[281, 314, 330, 969, 902, 903, 904]

273
road now
[281, 314, 330, 969, 902, 903, 904]

273
road now
[281, 314, 330, 969, 902, 903, 904]

273
road now
[281, 314, 330, 969, 902, 903, 904]

273
road now
[281, 314, 330, 969, 902, 903, 904]

273
road now
[281, 314, 330, 969, 902, 903, 904]

273
road now
[281, 314, 330, 969, 902, 903, 904]

273
road now
[281, 314, 330, 969, 902, 903, 904]

273
road now
[281, 314, 330, 969, 902, 903, 904]

273
road now
[281, 314, 330, 969, 902, 903, 904]

273
road now
[281, 314, 330, 969, 902, 903, 904]

273
road now
[281, 314, 330, 969, 902, 903, 904]

273
road now
[281, 314, 330, 969, 902, 903, 904]

273
road now
[281, 314, 330, 969, 902, 903, 904]

273
road now
[281, 314, 330, 969, 902, 903, 904]

273
road now
[281, 314, 330, 969, 902, 903, 904]

273
road now
[281, 314, 330, 969, 902, 903, 904]

273
road now
[281, 314, 330, 969, 902, 903, 904]

273
road now
[281, 314, 330, 969, 902, 903, 904]

273
road now
[281, 314, 330, 969, 902, 903, 904]

273
road now
[281, 314, 330, 969, 902, 903, 904]

273
road now
[281, 314, 330, 969, 902, 903, 904]

273
road now
[281, 314, 330, 969, 902, 903, 904]

273
road now
[281, 314, 330, 969, 902, 903, 904]

273
road now
[281, 314, 330, 969, 902, 903, 904]

273
road now
[281, 314, 330, 969, 902, 903, 904]

273
road now
[281, 314, 330, 969, 902, 903, 904]

273
road now
[281, 314, 330, 969, 902, 903, 904]

273
road now
[281, 314, 330, 969, 902, 903, 904]

273
road now
[281, 314, 330, 969, 902, 903, 904]

273
road now
[281, 314, 330, 969, 902, 903, 904]

273
road now
[281, 314, 330, 969, 902, 903, 904]

273
road now
[281, 314, 330, 969, 902, 903, 904]

273
road now
[281, 314, 330, 969, 902, 903, 904]

273
road now
[281, 314, 330, 969, 902, 903, 904]

273
road now
[281, 314, 330, 969, 902, 903, 904]

273
road now
[281, 314, 330, 969, 902, 903, 904]

273
road now
[281, 314, 330, 969, 902, 903, 904]

273
road now
[281, 314, 330, 969, 902, 903, 904]

273
road now
[281, 314, 330, 969, 902, 903, 904]

273
road now
[281, 314, 330, 969, 902, 903, 904]

273
road now
[281, 314, 330, 969, 902, 903, 904]

273
road now
[281, 314, 330, 969, 902, 903, 904]

273
road now
[281, 314, 330, 969, 902, 903, 904]

273
road now
[281, 314, 330, 969, 902, 903, 904]

273
road now
[281, 314, 330, 969, 902, 903, 904]

273
road now
[281, 314, 330, 969, 902, 903, 904]

273
road now
[281, 314, 330, 969, 902, 903, 904]

273
road now
[281, 314, 330, 969, 902, 903, 904]

273
road now
[281, 314, 330, 969, 902, 903, 904]

273
road now
[281, 314, 330, 969, 902, 903, 904]

273
road now
[281, 314, 330, 969, 902, 903, 904]

273
road now
[281, 314, 330, 969, 902, 903, 904]

273
road now
[281, 314, 330, 969, 902, 903, 904]

273
road now
[281, 314, 330, 969, 902, 903, 904]

273
road now
[281, 314, 330, 969, 902, 903, 904]

273
road now
[281, 314, 330, 969, 902, 903, 904]

273
road now
[281, 314, 330, 969, 902, 903, 904]

273
road now
[281, 314, 330, 969, 902, 903, 904]

273
road now
[281, 314, 330, 969, 902, 903, 904]

273
road now
[281, 314, 330, 969, 902, 903, 904]

273
road now
[281, 314, 330, 969, 902, 903, 904]

273
road now
[281, 314, 330, 969, 902, 903, 904]

273
road now
[281, 314, 330, 969, 902, 903, 904]

273
road now
[281, 314, 330, 969, 902, 903, 904]

273
road now
[281, 314, 330, 969, 902, 903, 904]

273
road now
[281, 314, 330, 969, 902, 903, 904]

273
road now
[281, 314, 330, 969, 902, 903, 904]

273
road now
[281, 314, 330, 969, 902, 903, 904]

273
road now
[281, 314, 330, 969, 902, 903, 904]

273
road now
[281, 314, 330, 969, 902, 903, 904]

273
road now
[281, 314, 330, 969, 902, 903, 904]

273
road now
[281, 314, 330, 969, 902, 903, 904]

273
road now
[281, 314, 330, 969, 902, 903, 904]

273
road now
[281, 314, 330, 969, 902, 903, 904]

273
road now
[281, 314, 330, 969, 902, 903, 904]

273
road now
[281, 314, 330, 969, 902, 903, 904]

273
road now
[281, 314, 330, 969, 902, 903, 904]

273
road now
[281, 314, 330, 969, 902, 903, 904]

273
road now
[281, 314, 330, 969, 902, 903, 904]

273
road now
[281, 314, 330, 969, 902, 903, 904]

273
road now
[281, 314, 330, 969, 902, 903, 904]

273
road now
[281, 314, 330, 969, 902, 903, 904]

273
road now
[281, 314, 330, 969, 902, 903, 904]

273
road now
[281, 314, 330, 969, 902, 903, 904]

273
road now
[281, 314, 330, 969, 902, 903, 904]

273
road now
[281, 314, 330, 969, 902, 903, 904]

273
road now
[281, 314, 330, 969, 902, 903, 904]

273
road now
[281, 314, 330, 969, 902, 903, 904]

273
road now
[281, 314, 330, 969, 902, 903, 904]

273
road now
[281, 314, 330, 969, 902, 903, 904]

273
road now
[281, 314, 330, 969, 902, 903, 904]

273
road now
[281, 314, 330, 969, 902, 903, 904]

273
road now
[281, 314, 330, 969, 902, 903, 904]

273
road now
[281, 314, 330, 969, 902, 903, 904]

273
road now
[281, 314, 330, 969, 902, 903, 904]

273
road now
[281, 314, 330, 969, 902, 903, 904]

273
road now
[281, 314, 330, 969, 902, 903, 904]

273
road now
[281, 314, 330, 969, 902, 903, 904]

273
road now
[281, 314, 330, 969, 902, 903, 904]

273
road now
[281, 314, 330, 969, 902, 903, 904]

273
road now
[281, 314, 330, 969, 902, 903, 904]

273
road now
[281, 314, 330, 969, 902, 903, 904]

273
road now
[281, 314, 330, 969, 902, 903, 904]

273
road now
[281, 314, 330, 969, 902, 903, 904]

273
road now
[281, 314, 330, 969, 902, 903, 904]

273
road now
[281, 314, 330, 969, 902, 903, 904]

273
road now
[281, 314, 330, 969, 902, 903, 904]

273
road now
[281, 314, 330, 969, 902, 903, 904]

273
road now
[281, 314, 330, 969, 902, 903, 904]

273
road now
[281, 314, 330, 969, 902, 903, 904]

273
road now
[281, 314, 330, 969, 902, 903, 904]

273
road now
[281, 314, 330, 969, 902, 903, 904]

273
road now
[281, 314, 330, 969, 902, 903, 904]

273
road now
[281, 314, 330, 969, 902, 903, 904]

273
road now
[281, 314, 330, 969, 902, 903, 904]

273
road now
[281, 314, 330, 969, 902, 903, 904]

273
road now
[281, 314, 330, 969, 902, 903, 904]

273
road now
[281, 314, 330, 969, 902, 903, 904]

273
road now
[281, 314, 330, 969, 902, 903, 904]

273
road now
[281, 314, 330, 969, 902, 903, 904]

273
road now
[281, 314, 330, 969, 902, 903, 904]

273
road now
[281, 314, 330, 969, 902, 903, 904]

273
road now
[281, 314, 330, 969, 902, 903, 904]

273
road now
[281, 314, 330, 969, 902, 903, 904]

273
road now
[281, 314, 330, 969, 902, 903, 904]

273
road now
[281, 314, 330, 969, 902, 903, 904]

273
road now
[281, 314, 330, 969, 902, 903, 904]

273
road now
[281, 314, 330, 969, 902, 903, 904]

273
road now
[281, 314, 330, 969, 902, 903, 904]

273
road now
[281, 314, 330, 969, 902, 903, 904]

273
road now
[281, 314, 330, 969, 902, 903, 904]

273
road now
[281, 314, 330, 969, 902, 903, 904]

273
road now
[281, 314, 330, 969, 902, 903, 904]

273
road now
[281, 314, 330, 969, 902, 903, 904]

273
road now
[281, 314, 330, 969, 902, 903, 904]

273
road now
[281, 314, 330, 969, 902, 903, 904]

273
road now
[281, 314, 330, 969, 902, 903, 904]

273
road now
[281, 314, 330, 969, 902, 903, 904]

273
road now
[281, 314, 330, 969, 902, 903, 904]

273
road now
[281, 314, 330, 969, 902, 903, 904]

273
road now
[281, 314, 330, 969, 902, 903, 904]

273
road now
[281, 314, 330, 969, 902, 903, 904]

273
road now
[281, 314, 330, 969, 902, 903, 904]

273
road now
[281, 314, 330, 969, 902, 903, 904]

273
road now
[281, 314, 330, 969, 902, 903, 904]

273
road now
[281, 314, 330, 969, 902, 903, 904]

273
road now
[281, 314, 330, 969, 902, 903, 904]

273
road now
[281, 314, 330, 969, 902, 903, 904]

273
road now
[281, 314, 330, 969, 902, 903, 904]

273
road now
[281, 314, 330, 969, 902, 903, 904]

273
road now
[281, 314, 330, 969, 902, 903, 904]

273
road now
[281, 314, 330, 969, 902, 903, 904]

273
road now
[281, 314, 330, 969, 902, 903, 904]

273
road now
[281, 314, 330, 969, 902, 903, 904]

273
road now
[281, 314, 330, 969, 902, 903, 904]

273
road now
[281, 314, 330, 969, 902, 903, 904]

273
road now
[281, 314, 330, 969, 902, 903, 904]

273
road now
[281, 314, 330, 969, 902, 903, 904]

273
road now
[281, 314, 330, 969, 902, 903, 904]

273
road now
[281, 314, 330, 969, 902, 903, 904]

273
road now
[281, 314, 330, 969, 902, 903, 904]

273
road now
[281, 314, 330, 969, 902, 903, 904]

273
road now
[281, 314, 330, 969, 902, 903, 904]

273
road now
[281, 314, 330, 969, 902, 903, 904]

273
road now
[281, 314, 330, 969, 902, 903, 904]

273
road now
[281, 314, 330, 969, 902, 903, 904]

273
road now
[281, 314, 330, 969, 902, 903, 904]

273
road now
[281, 314, 330, 969, 902, 903, 904]

273
road now
[281, 314, 330, 969, 902, 903, 904]

273
road now
[281, 314, 330, 969, 902, 903, 904]

273
road now
[281, 314, 330, 969, 902, 903, 904]

273
road now
[281, 314, 330, 969, 902, 903, 904]

273
road now
[281, 314, 330, 969, 902, 903, 904]

273
road now
[281, 314, 330, 969, 902, 903, 904]

273
road now
[281, 314, 330, 969, 902, 903, 904]

